==================== STARE SISTEM ====================
Data si ora: 2025-10-06 19:19:56
Host: 2b01603b44d9
Sistem de operare: Debian GNU/Linux 13 (trixie)
Timp de functionare: up 4 hours, 28 minutes
CPU utilizat: 20.2%
Memorie utilizata: 3.0Gi / Total: 4.9Gi (61.22%)
Procese active: 5
Utilizare disc: 23G folosit din 49G (49%)
Top 5 procese dupa CPU:
      PID COMMAND         %CPU
       23 ps               100
        1 monitoring.sh    9.8
       24 head             0.0
       25 awk              0.0
Top 5 procese dupa memorie:
      PID COMMAND         %MEM
       26 ps               0.0
        1 monitoring.sh    0.0
       28 awk              0.0
       27 head             0.0
