==================== STARE SISTEM ====================
Data si ora: 2025-10-06 19:20:01
Host: 2b01603b44d9
Sistem de operare: Debian GNU/Linux 13 (trixie)
Timp de functionare: up 4 hours, 29 minutes
CPU utilizat: 14.8%
Memorie utilizata: 3.0Gi / Total: 4.9Gi (61.22%)
Procese active: 5
Utilizare disc: 23G folosit din 49G (49%)
Top 5 procese dupa CPU:
      PID COMMAND         %CPU
        1 monitoring.sh    1.8
       46 ps               0.0
       47 head             0.0
       48 awk              0.0
Top 5 procese dupa memorie:
      PID COMMAND         %MEM
       49 ps               0.0
        1 monitoring.sh    0.0
       51 awk              0.0
       50 head             0.0
